slurmstepd: error: Unable to create TMPDIR [/localscratch/kowalski.54882456.0]: Permission denied
slurmstepd: error: Setting TMPDIR to /tmp
Resetting modules to system default. Reseting $MODULEPATH back to system default. All extra directories will be removed from $MODULEPATH.

The following have been reloaded with a version change:
  1) gcccore/.7.3.0 => gcccore/.5.4.0     2) openmpi/3.1.2 => openmpi/2.1.1

Resetting modules to system default. Reseting $MODULEPATH back to system default. All extra directories will be removed from $MODULEPATH.
Resetting modules to system default. Reseting $MODULEPATH back to system default. All extra directories will be removed from $MODULEPATH.

The following have been reloaded with a version change:
  1) gcccore/.7.3.0 => gcccore/.5.4.0     2) openmpi/3.1.2 => openmpi/2.1.1


The following have been reloaded with a version change:
  1) gcccore/.7.3.0 => gcccore/.5.4.0     2) openmpi/3.1.2 => openmpi/2.1.1


The following have been reloaded with a version change:
  1) gcccore/.7.3.0 => gcccore/.5.4.0     2) openmpi/3.1.2 => openmpi/2.1.1


Lmod is automatically replacing "intel/2016.4" with "gcc/7.3.0".


Lmod is automatically replacing "intel/2016.4" with "gcc/7.3.0".


Lmod is automatically replacing "intel/2016.4" with "gcc/7.3.0".


Lmod is automatically replacing "intel/2016.4" with "gcc/7.3.0".


The following have been reloaded with a version change:
  1) gcccore/.5.4.0 => gcccore/.7.3.0     2) openmpi/2.1.1 => openmpi/3.1.2


The following have been reloaded with a version change:

The following have been reloaded with a version change:
  1) gcccore/.5.4.0 => gcccore/.7.3.0     2) openmpi/2.1.1 => openmpi/3.1.2

  1) gcccore/.5.4.0 => gcccore/.7.3.0     2) openmpi/2.1.1 => openmpi/3.1.2


The following have been reloaded with a version change:
  1) gcccore/.5.4.0 => gcccore/.7.3.0     2) openmpi/2.1.1 => openmpi/3.1.2

Reading from ../ComputedData/ep9_beta60_mu11.6_U12_tpd1.5_tppp1.0/OUT/params18.meas.json at Parameters
CLEAN_EVERY_SWEEP EGreen EHyb EObs EOrder HYB LINKA LINKN MEASUREMENT_TIME PROBFLIP SAMPLE_EVERY_SWEEP SEED STORE_EVERY_SAMPLE THERMALIZATION_TIME U beta delta ep mu tpd tpp tppp weightI weightR zero_order 
Reading from ../ComputedData/ep9_beta60_mu11.6_U12_tpd1.5_tppp1.0/OUT/params19.meas.json at Parameters
CLEAN_EVERY_SWEEP EGreen EHyb EObs EOrder HYB LINKA LINKN MEASUREMENT_TIME PROBFLIP SAMPLE_EVERY_SWEEP SEED STORE_EVERY_SAMPLE THERMALIZATION_TIME U beta delta ep mu tpd tpp tppp weightI weightR zero_order 
Reading from ../ComputedData/ep9_beta60_mu11.6_U12_tpd1.5_tppp1.0/OUT/params20.meas.json at Parameters
CLEAN_EVERY_SWEEP EGreen EHyb EObs EOrder HYB LINKA LINKN MEASUREMENT_TIME PROBFLIP SAMPLE_EVERY_SWEEP SEED STORE_EVERY_SAMPLE THERMALIZATION_TIME U beta delta ep mu tpd tpp tppp weightI weightR zero_order 
Reading from ../ComputedData/ep9_beta60_mu11.6_U12_tpd1.5_tppp1.0/OUT/params21.meas.json at Parameters
CLEAN_EVERY_SWEEP EGreen EHyb EObs EOrder HYB LINKA LINKN MEASUREMENT_TIME PROBFLIP SAMPLE_EVERY_SWEEP SEED STORE_EVERY_SAMPLE THERMALIZATION_TIME U beta delta ep mu tpd tpp tppp weightI weightR zero_order 
Reading from ../ComputedData/ep9_beta60_mu11.6_U12_tpd1.5_tppp1.0/OUT/params22.meas.json at Parameters
CLEAN_EVERY_SWEEP EGreen EHyb EObs EOrder HYB LINKA LINKN MEASUREMENT_TIME PROBFLIP SAMPLE_EVERY_SWEEP SEED STORE_EVERY_SAMPLE THERMALIZATION_TIME U beta delta ep mu tpd tpp tppp weightI weightR zero_order 
